<?xml version="1.0" encoding="UTF-8"?>
<!-- Generated by org.testng.reporters.JUnitXMLReporter -->
<testsuite hostname="DESKTOP-IEOF3HT" name="Test" tests="9" failures="9" timestamp="20 Sep 2017 12:18:33 GMT" time="14.221" errors="0">
  <testcase name="checkEnablingOfGetMyOptionsButton" time="4.361" classname="com.infrrd.roostify.testcase.HomePageTestCase">
    <failure type="java.lang.NoSuchMethodError" message="org.openqa.selenium.support.ui.WebDriverWait.until(Ljava/util/function/Function;)Ljava/lang/Object;">
      <![CDATA[java.lang.NoSuchMethodError: org.openqa.selenium.support.ui.WebDriverWait.until(Ljava/util/function/Function;)Ljava/lang/Object;
	at com.kroakyhub.testfrog.customlistener.CustomWebDriverEventListner.beforeFindBy(CustomWebDriverEventListner.java:93)
	at org.openqa.selenium.support.events.EventFiringWebDriver$1.invoke(EventFiringWebDriver.java:80)
	at com.sun.proxy.$Proxy5.beforeFindBy(Unknown Source)
	at org.openqa.selenium.support.events.EventFiringWebDriver.findElement(EventFiringWebDriver.java:187)
	at org.openqa.selenium.support.pagefactory.DefaultElementLocator.findElement(DefaultElementLocator.java:69)
	at org.openqa.selenium.support.pagefactory.internal.LocatingElementHandler.invoke(LocatingElementHandler.java:38)
	at com.sun.proxy.$Proxy8.getTagName(Unknown Source)
	at org.openqa.selenium.support.ui.Select.<init>(Select.java:44)
	at com.infrrd.roostify.pagelibrary.HomePagePageLibrary.getMyOptionsEnablingCheck(HomePagePageLibrary.java:188)
	at com.infrrd.roostify.testcase.HomePageTestCase.checkEnablingOfGetMyOptionsButton(HomePageTestCase.java:70)
... Removed 28 stack frames]]>
    </failure>
  </testcase> <!-- checkEnablingOfGetMyOptionsButton -->
  <testcase name="validateGraphLegends" time="0.526" classname="com.infrrd.roostify.testcase.HomePageTestCase">
    <failure type="java.lang.NoSuchMethodError" message="org.openqa.selenium.support.ui.WebDriverWait.until(Ljava/util/function/Function;)Ljava/lang/Object;">
      <![CDATA[java.lang.NoSuchMethodError: org.openqa.selenium.support.ui.WebDriverWait.until(Ljava/util/function/Function;)Ljava/lang/Object;
	at com.kroakyhub.testfrog.customlistener.CustomWebDriverEventListner.beforeFindBy(CustomWebDriverEventListner.java:93)
	at org.openqa.selenium.support.events.EventFiringWebDriver$1.invoke(EventFiringWebDriver.java:80)
	at com.sun.proxy.$Proxy5.beforeFindBy(Unknown Source)
	at org.openqa.selenium.support.events.EventFiringWebDriver.findElement(EventFiringWebDriver.java:187)
	at org.openqa.selenium.support.pagefactory.DefaultElementLocator.findElement(DefaultElementLocator.java:69)
	at org.openqa.selenium.support.pagefactory.internal.LocatingElementHandler.invoke(LocatingElementHandler.java:38)
	at com.sun.proxy.$Proxy8.getTagName(Unknown Source)
	at org.openqa.selenium.support.ui.Select.<init>(Select.java:44)
	at com.infrrd.roostify.pagelibrary.HomePagePageLibrary.verifyingGraphLegends(HomePagePageLibrary.java:102)
	at com.infrrd.roostify.testcase.HomePageTestCase.validateGraphLegends(HomePageTestCase.java:48)
... Removed 28 stack frames]]>
    </failure>
  </testcase> <!-- validateGraphLegends -->
  <testcase name="validateOptionsForPurchase" time="0.38" classname="com.infrrd.roostify.testcase.HomePageTestCase">
    <failure type="java.lang.NoSuchMethodError" message="org.openqa.selenium.support.ui.WebDriverWait.until(Ljava/util/function/Function;)Ljava/lang/Object;">
      <![CDATA[java.lang.NoSuchMethodError: org.openqa.selenium.support.ui.WebDriverWait.until(Ljava/util/function/Function;)Ljava/lang/Object;
	at com.kroakyhub.testfrog.customlistener.CustomWebDriverEventListner.beforeFindBy(CustomWebDriverEventListner.java:93)
	at org.openqa.selenium.support.events.EventFiringWebDriver$1.invoke(EventFiringWebDriver.java:80)
	at com.sun.proxy.$Proxy5.beforeFindBy(Unknown Source)
	at org.openqa.selenium.support.events.EventFiringWebDriver.findElement(EventFiringWebDriver.java:187)
	at org.openqa.selenium.support.pagefactory.DefaultElementLocator.findElement(DefaultElementLocator.java:69)
	at org.openqa.selenium.support.pagefactory.internal.LocatingElementHandler.invoke(LocatingElementHandler.java:38)
	at com.sun.proxy.$Proxy8.getTagName(Unknown Source)
	at org.openqa.selenium.support.ui.Select.<init>(Select.java:44)
	at com.infrrd.roostify.pagelibrary.HomePagePageLibrary.addUserInputForPurchase(HomePagePageLibrary.java:28)
	at com.infrrd.roostify.testcase.HomePageTestCase.validateOptionsForPurchase(HomePageTestCase.java:27)
... Removed 28 stack frames]]>
    </failure>
  </testcase> <!-- validateOptionsForPurchase -->
  <testcase name="validateOptionsForRefinance" time="0.398" classname="com.infrrd.roostify.testcase.HomePageTestCase">
    <failure type="java.lang.NoSuchMethodError" message="org.openqa.selenium.support.ui.WebDriverWait.until(Ljava/util/function/Function;)Ljava/lang/Object;">
      <![CDATA[java.lang.NoSuchMethodError: org.openqa.selenium.support.ui.WebDriverWait.until(Ljava/util/function/Function;)Ljava/lang/Object;
	at com.kroakyhub.testfrog.customlistener.CustomWebDriverEventListner.beforeFindBy(CustomWebDriverEventListner.java:93)
	at org.openqa.selenium.support.events.EventFiringWebDriver$1.invoke(EventFiringWebDriver.java:80)
	at com.sun.proxy.$Proxy5.beforeFindBy(Unknown Source)
	at org.openqa.selenium.support.events.EventFiringWebDriver.findElement(EventFiringWebDriver.java:187)
	at org.openqa.selenium.support.pagefactory.DefaultElementLocator.findElement(DefaultElementLocator.java:69)
	at org.openqa.selenium.support.pagefactory.internal.LocatingElementHandler.invoke(LocatingElementHandler.java:38)
	at com.sun.proxy.$Proxy8.getTagName(Unknown Source)
	at org.openqa.selenium.support.ui.Select.<init>(Select.java:44)
	at com.infrrd.roostify.pagelibrary.HomePagePageLibrary.addUserInputForRefinance(HomePagePageLibrary.java:54)
	at com.infrrd.roostify.testcase.HomePageTestCase.validateOptionsForRefinance(HomePageTestCase.java:34)
... Removed 28 stack frames]]>
    </failure>
  </testcase> <!-- validateOptionsForRefinance -->
  <testcase name="validateOptionsForRefinanceCashout" time="0.349" classname="com.infrrd.roostify.testcase.HomePageTestCase">
    <failure type="java.lang.NoSuchMethodError" message="org.openqa.selenium.support.ui.WebDriverWait.until(Ljava/util/function/Function;)Ljava/lang/Object;">
      <![CDATA[java.lang.NoSuchMethodError: org.openqa.selenium.support.ui.WebDriverWait.until(Ljava/util/function/Function;)Ljava/lang/Object;
	at com.kroakyhub.testfrog.customlistener.CustomWebDriverEventListner.beforeFindBy(CustomWebDriverEventListner.java:93)
	at org.openqa.selenium.support.events.EventFiringWebDriver$1.invoke(EventFiringWebDriver.java:80)
	at com.sun.proxy.$Proxy5.beforeFindBy(Unknown Source)
	at org.openqa.selenium.support.events.EventFiringWebDriver.findElement(EventFiringWebDriver.java:187)
	at org.openqa.selenium.support.pagefactory.DefaultElementLocator.findElement(DefaultElementLocator.java:69)
	at org.openqa.selenium.support.pagefactory.internal.LocatingElementHandler.invoke(LocatingElementHandler.java:38)
	at com.sun.proxy.$Proxy8.getTagName(Unknown Source)
	at org.openqa.selenium.support.ui.Select.<init>(Select.java:44)
	at com.infrrd.roostify.pagelibrary.HomePagePageLibrary.addUserInputForRefinanceCashOut(HomePagePageLibrary.java:75)
	at com.infrrd.roostify.testcase.HomePageTestCase.validateOptionsForRefinanceCashout(HomePageTestCase.java:41)
... Removed 28 stack frames]]>
    </failure>
  </testcase> <!-- validateOptionsForRefinanceCashout -->
  <testcase name="validateOtherOptimizations" time="0.368" classname="com.infrrd.roostify.testcase.HomePageTestCase">
    <failure type="java.lang.NoSuchMethodError" message="org.openqa.selenium.support.ui.WebDriverWait.until(Ljava/util/function/Function;)Ljava/lang/Object;">
      <![CDATA[java.lang.NoSuchMethodError: org.openqa.selenium.support.ui.WebDriverWait.until(Ljava/util/function/Function;)Ljava/lang/Object;
	at com.kroakyhub.testfrog.customlistener.CustomWebDriverEventListner.beforeFindBy(CustomWebDriverEventListner.java:93)
	at org.openqa.selenium.support.events.EventFiringWebDriver$1.invoke(EventFiringWebDriver.java:80)
	at com.sun.proxy.$Proxy5.beforeFindBy(Unknown Source)
	at org.openqa.selenium.support.events.EventFiringWebDriver.findElement(EventFiringWebDriver.java:187)
	at org.openqa.selenium.support.pagefactory.DefaultElementLocator.findElement(DefaultElementLocator.java:69)
	at org.openqa.selenium.support.pagefactory.internal.LocatingElementHandler.invoke(LocatingElementHandler.java:38)
	at com.sun.proxy.$Proxy8.getTagName(Unknown Source)
	at org.openqa.selenium.support.ui.Select.<init>(Select.java:44)
	at com.infrrd.roostify.pagelibrary.HomePagePageLibrary.validateOtherOptimizationsAndOptions(HomePagePageLibrary.java:133)
	at com.infrrd.roostify.testcase.HomePageTestCase.validateOtherOptimizations(HomePageTestCase.java:56)
... Removed 28 stack frames]]>
    </failure>
  </testcase> <!-- validateOtherOptimizations -->
  <testcase name="validateZipCodeError" time="0.349" classname="com.infrrd.roostify.testcase.HomePageTestCase">
    <failure type="java.lang.NoSuchMethodError" message="org.openqa.selenium.support.ui.WebDriverWait.until(Ljava/util/function/Function;)Ljava/lang/Object;">
      <![CDATA[java.lang.NoSuchMethodError: org.openqa.selenium.support.ui.WebDriverWait.until(Ljava/util/function/Function;)Ljava/lang/Object;
	at com.kroakyhub.testfrog.customlistener.CustomWebDriverEventListner.beforeFindBy(CustomWebDriverEventListner.java:93)
	at org.openqa.selenium.support.events.EventFiringWebDriver$1.invoke(EventFiringWebDriver.java:80)
	at com.sun.proxy.$Proxy5.beforeFindBy(Unknown Source)
	at org.openqa.selenium.support.events.EventFiringWebDriver.findElement(EventFiringWebDriver.java:187)
	at org.openqa.selenium.support.pagefactory.DefaultElementLocator.findElement(DefaultElementLocator.java:69)
	at org.openqa.selenium.support.pagefactory.internal.LocatingElementHandler.invoke(LocatingElementHandler.java:38)
	at com.sun.proxy.$Proxy8.sendKeys(Unknown Source)
	at com.infrrd.roostify.pagelibrary.HomePagePageLibrary.validateZipCodeLookupError(HomePagePageLibrary.java:206)
	at com.infrrd.roostify.testcase.HomePageTestCase.validateZipCodeError(HomePageTestCase.java:77)
... Removed 28 stack frames]]>
    </failure>
  </testcase> <!-- validateZipCodeError -->
  <testcase name="validateZipCodeLookUp" time="0.422" classname="com.infrrd.roostify.testcase.HomePageTestCase">
    <failure type="java.lang.NoSuchMethodError" message="org.openqa.selenium.support.ui.WebDriverWait.until(Ljava/util/function/Function;)Ljava/lang/Object;">
      <![CDATA[java.lang.NoSuchMethodError: org.openqa.selenium.support.ui.WebDriverWait.until(Ljava/util/function/Function;)Ljava/lang/Object;
	at com.kroakyhub.testfrog.customlistener.CustomWebDriverEventListner.beforeFindBy(CustomWebDriverEventListner.java:93)
	at org.openqa.selenium.support.events.EventFiringWebDriver$1.invoke(EventFiringWebDriver.java:80)
	at com.sun.proxy.$Proxy5.beforeFindBy(Unknown Source)
	at org.openqa.selenium.support.events.EventFiringWebDriver.findElement(EventFiringWebDriver.java:187)
	at org.openqa.selenium.support.pagefactory.DefaultElementLocator.findElement(DefaultElementLocator.java:69)
	at org.openqa.selenium.support.pagefactory.internal.LocatingElementHandler.invoke(LocatingElementHandler.java:38)
	at com.sun.proxy.$Proxy8.sendKeys(Unknown Source)
	at com.infrrd.roostify.pagelibrary.HomePagePageLibrary.validateZipCodeLookUpContainer(HomePagePageLibrary.java:224)
	at com.infrrd.roostify.testcase.HomePageTestCase.validateZipCodeLookUp(HomePageTestCase.java:84)
... Removed 28 stack frames]]>
    </failure>
  </testcase> <!-- validateZipCodeLookUp -->
  <testcase name="validatingLeadForm" time="0.407" classname="com.infrrd.roostify.testcase.HomePageTestCase">
    <failure type="java.lang.NoSuchMethodError" message="org.openqa.selenium.support.ui.WebDriverWait.until(Ljava/util/function/Function;)Ljava/lang/Object;">
      <![CDATA[java.lang.NoSuchMethodError: org.openqa.selenium.support.ui.WebDriverWait.until(Ljava/util/function/Function;)Ljava/lang/Object;
	at com.kroakyhub.testfrog.customlistener.CustomWebDriverEventListner.beforeFindBy(CustomWebDriverEventListner.java:93)
	at org.openqa.selenium.support.events.EventFiringWebDriver$1.invoke(EventFiringWebDriver.java:80)
	at com.sun.proxy.$Proxy5.beforeFindBy(Unknown Source)
	at org.openqa.selenium.support.events.EventFiringWebDriver.findElement(EventFiringWebDriver.java:187)
	at org.openqa.selenium.support.pagefactory.DefaultElementLocator.findElement(DefaultElementLocator.java:69)
	at org.openqa.selenium.support.pagefactory.internal.LocatingElementHandler.invoke(LocatingElementHandler.java:38)
	at com.sun.proxy.$Proxy8.getTagName(Unknown Source)
	at org.openqa.selenium.support.ui.Select.<init>(Select.java:44)
	at com.infrrd.roostify.pagelibrary.HomePagePageLibrary.validatingLeadFormDetailsContainer(HomePagePageLibrary.java:161)
	at com.infrrd.roostify.testcase.HomePageTestCase.validatingLeadForm(HomePageTestCase.java:63)
... Removed 28 stack frames]]>
    </failure>
  </testcase> <!-- validatingLeadForm -->
</testsuite> <!-- Test -->
